<?xml version="1.0" encoding="UTF-8"?>
<!-- Generated by org.testng.reporters.JUnitXMLReporter -->
<testsuite hostname="DESKTOP-4MFQ21B" ignored="0" name="Default test" tests="3" failures="0" timestamp="2021-05-27T15:44:45 EDT" time="40.41" errors="0">
  <testcase name="verifyHomePageTitleTest" time="0.091" classname="com.crm.testcases.HomePageTest"/>
  <testcase name="verifyUserDisplayTest" time="0.154" classname="com.crm.testcases.HomePageTest"/>
  <testcase name="verifyContactsLinkTest" time="1.063" classname="com.crm.testcases.HomePageTest"/>
</testsuite> <!-- Default test -->
