<?xml version="1.0" encoding="UTF-8"?>
<testng-results skipped="0" failed="0" ignored="0" total="3" passed="3">
  <reporter-output>
  </reporter-output>
  <suite name="Default suite" duration-ms="40410" started-at="2021-05-27T15:44:05 EDT" finished-at="2021-05-27T15:44:45 EDT">
    <groups>
    </groups>
    <test name="Default test" duration-ms="40410" started-at="2021-05-27T15:44:05 EDT" finished-at="2021-05-27T15:44:45 EDT">
      <class name="com.crm.testcases.HomePageTest">
        <test-method status="PASS" signature="setup()[pri:0, instance:com.crm.testcases.HomePageTest@2781e022]" name="setup" is-config="true" duration-ms="19559" started-at="2021-05-27T15:44:05 EDT" finished-at="2021-05-27T15:44:24 EDT">
          <reporter-output>
          </reporter-output>
        </test-method> <!-- setup -->
        <test-method status="PASS" signature="verifyHomePageTitleTest()[pri:1, instance:com.crm.testcases.HomePageTest@2781e022]" name="verifyHomePageTitleTest" duration-ms="91" started-at="2021-05-27T15:44:24 EDT" finished-at="2021-05-27T15:44:24 EDT">
          <reporter-output>
          </reporter-output>
        </test-method> <!-- verifyHomePageTitleTest -->
        <test-method status="PASS" signature="tearDown()[pri:0, instance:com.crm.testcases.HomePageTest@2781e022]" name="tearDown" is-config="true" duration-ms="951" started-at="2021-05-27T15:44:24 EDT" finished-at="2021-05-27T15:44:25 EDT">
          <reporter-output>
          </reporter-output>
        </test-method> <!-- tearDown -->
        <test-method status="PASS" signature="setup()[pri:0, instance:com.crm.testcases.HomePageTest@2781e022]" name="setup" is-config="true" duration-ms="8530" started-at="2021-05-27T15:44:25 EDT" finished-at="2021-05-27T15:44:34 EDT">
          <reporter-output>
          </reporter-output>
        </test-method> <!-- setup -->
        <test-method status="PASS" signature="verifyUserDisplayTest()[pri:2, instance:com.crm.testcases.HomePageTest@2781e022]" name="verifyUserDisplayTest" duration-ms="154" started-at="2021-05-27T15:44:34 EDT" finished-at="2021-05-27T15:44:34 EDT">
          <reporter-output>
          </reporter-output>
        </test-method> <!-- verifyUserDisplayTest -->
        <test-method status="PASS" signature="tearDown()[pri:0, instance:com.crm.testcases.HomePageTest@2781e022]" name="tearDown" is-config="true" duration-ms="1131" started-at="2021-05-27T15:44:34 EDT" finished-at="2021-05-27T15:44:35 EDT">
          <reporter-output>
          </reporter-output>
        </test-method> <!-- tearDown -->
        <test-method status="PASS" signature="setup()[pri:0, instance:com.crm.testcases.HomePageTest@2781e022]" name="setup" is-config="true" duration-ms="7875" started-at="2021-05-27T15:44:35 EDT" finished-at="2021-05-27T15:44:43 EDT">
          <reporter-output>
          </reporter-output>
        </test-method> <!-- setup -->
        <test-method status="PASS" signature="verifyContactsLinkTest()[pri:3, instance:com.crm.testcases.HomePageTest@2781e022]" name="verifyContactsLinkTest" duration-ms="1063" started-at="2021-05-27T15:44:43 EDT" finished-at="2021-05-27T15:44:44 EDT">
          <reporter-output>
          </reporter-output>
        </test-method> <!-- verifyContactsLinkTest -->
        <test-method status="PASS" signature="tearDown()[pri:0, instance:com.crm.testcases.HomePageTest@2781e022]" name="tearDown" is-config="true" duration-ms="970" started-at="2021-05-27T15:44:44 EDT" finished-at="2021-05-27T15:44:45 EDT">
          <reporter-output>
          </reporter-output>
        </test-method> <!-- tearDown -->
      </class> <!-- com.crm.testcases.HomePageTest -->
    </test> <!-- Default test -->
  </suite> <!-- Default suite -->
</testng-results>
