<?xml version="1.0" encoding="UTF-8"?>
<!-- Generated by org.testng.reporters.JUnitXMLReporter -->
<testsuite hostname="DESKTOP-4MFQ21B" ignored="0" name="Free CRM App Test Cases" tests="18" failures="0" timestamp="2020-12-28T14:32:13 EST" time="244.745" errors="0">
  <testcase name="LoginTest" time="2.151" classname="com.crm.testcases.LoginPagetest"/>
  <testcase name="LoginPageTitletest" time="0.016" classname="com.crm.testcases.LoginPagetest"/>
  <testcase name="verifyHomePageTitleTest" time="0.008" classname="com.crm.testcases.HomePageTest"/>
  <testcase name="verifyUserDisplayTest" time="0.504" classname="com.crm.testcases.HomePageTest"/>
  <testcase name="verifyContactsLinkTest" time="0.247" classname="com.crm.testcases.HomePageTest"/>
  <testcase name="ValidateContactsLabel" time="0.24" classname="com.crm.testcases.ContactsPageTest"/>
  <testcase name="ValidateCreateNewContact" time="2.103" classname="com.crm.testcases.ContactsPageTest"/>
  <testcase name="ValidateCreateNewContact" time="3.021" classname="com.crm.testcases.ContactsPageTest"/>
  <testcase name="ValidateCreateNewContact" time="2.349" classname="com.crm.testcases.ContactsPageTest"/>
  <testcase name="ValidateCreateNewContact" time="2.103" classname="com.crm.testcases.ContactsPageTest"/>
  <testcase name="ValidateCreateNewContact" time="2.426" classname="com.crm.testcases.ContactsPageTest"/>
  <testcase name="ValidateDealsLabel" time="0.392" classname="com.crm.testcases.DealsPageTest"/>
  <testcase name="ValidateCreateNewDeals" time="3.032" classname="com.crm.testcases.DealsPageTest"/>
  <testcase name="ValidateCreateNewDeals" time="3.366" classname="com.crm.testcases.DealsPageTest"/>
  <testcase name="ValidateCreateNewDeals" time="3.027" classname="com.crm.testcases.DealsPageTest"/>
  <testcase name="ValidateTasksLabel" time="0.202" classname="com.crm.testcases.TaskPagetest"/>
  <testcase name="ValidateCreateNewContact" time="5.351" classname="com.crm.testcases.TaskPagetest"/>
  <testcase name="ValidateCreateNewContact" time="5.675" classname="com.crm.testcases.TaskPagetest"/>
</testsuite> <!-- Free CRM App Test Cases -->
